2019-02-25 21:11:45,072:WARNING:discord.client: PyNaCl is not installed, voice will NOT be supported
2019-02-25 21:11:45,072:DEBUG:discord.client: on_message has successfully been registered as an event
2019-02-25 21:11:45,073:DEBUG:discord.client: on_ready has successfully been registered as an event
2019-02-25 21:11:45,073:INFO:discord.client: logging in using static token
2019-02-25 21:11:45,356:DEBUG:discord.http: GET https://discordapp.com/api/v7/users/@me with None has returned 200
2019-02-25 21:11:45,356:DEBUG:discord.http: GET https://discordapp.com/api/v7/users/@me has received {'username': 'Steins;Bot', 'verified': True, 'locale': 'en-US', 'mfa_enabled': False, 'bot': True, 'id': '549715895136550912', 'flags': 0, 'avatar': 'b7cc99344f6aa4ad77cb20dd0423e257', 'discriminator': '9810', 'email': None}
2019-02-25 21:11:45,408:DEBUG:discord.http: GET https://discordapp.com/api/v7/gateway with None has returned 200
2019-02-25 21:11:45,408:DEBUG:discord.http: GET https://discordapp.com/api/v7/gateway has received {'url': 'wss://gateway.discord.gg'}
2019-02-25 21:11:45,755:INFO:discord.gateway: Created websocket connected to wss://gateway.discord.gg?encoding=json&v=6&compress=zlib-stream
2019-02-25 21:11:45,770:DEBUG:discord.client: Dispatching event socket_raw_receive
2019-02-25 21:11:45,770:DEBUG:discord.gateway: For Shard ID None: WebSocket Event: {'t': None, 's': None, 'op': 10, 'd': {'heartbeat_interval': 41250, '_trace': ['gateway-prd-main-b88v']}}
2019-02-25 21:11:45,770:DEBUG:discord.client: Dispatching event socket_response
2019-02-25 21:11:45,770:DEBUG:discord.client: Dispatching event socket_raw_send
2019-02-25 21:11:45,770:DEBUG:discord.client: Dispatching event socket_raw_send
2019-02-25 21:11:45,770:INFO:discord.gateway: Shard ID None has sent the IDENTIFY payload.
2019-02-25 21:11:45,909:DEBUG:discord.client: Dispatching event socket_raw_receive
2019-02-25 21:11:45,909:DEBUG:discord.gateway: For Shard ID None: WebSocket Event: {'t': None, 's': None, 'op': 11, 'd': None}
2019-02-25 21:11:45,909:DEBUG:discord.client: Dispatching event socket_response
2019-02-25 21:11:45,949:DEBUG:discord.client: Dispatching event socket_raw_receive
2019-02-25 21:11:45,949:DEBUG:discord.gateway: For Shard ID None: WebSocket Event: {'t': 'READY', 's': 1, 'op': 0, 'd': {'v': 6, 'user_settings': {}, 'user': {'verified': True, 'username': 'Steins;Bot', 'mfa_enabled': False, 'id': '549715895136550912', 'email': None, 'discriminator': '9810', 'bot': True, 'avatar': 'b7cc99344f6aa4ad77cb20dd0423e257'}, 'session_id': '3d7a2682b1745c45238ed980a21da7bb', 'relationships': [], 'private_channels': [], 'presences': [], 'guilds': [{'unavailable': True, 'id': '447206703688187904'}], '_trace': ['gateway-prd-main-b88v', 'discord-sessions-prd-1-3']}}
2019-02-25 21:11:45,949:DEBUG:discord.client: Dispatching event socket_response
2019-02-25 21:11:45,949:INFO:discord.gateway: Shard ID None has connected to Gateway: gateway-prd-main-b88v, discord-sessions-prd-1-3 (Session ID: 3d7a2682b1745c45238ed980a21da7bb).
2019-02-25 21:11:45,950:DEBUG:discord.client: Dispatching event connect
2019-02-25 21:11:45,950:DEBUG:discord.client: Dispatching event socket_raw_receive
2019-02-25 21:11:45,950:DEBUG:discord.gateway: For Shard ID None: WebSocket Event: {'t': 'GUILD_CREATE', 's': 2, 'op': 0, 'd': {'voice_states': [], 'verification_level': 0, 'unavailable': False, 'system_channel_id': '447206703688187906', 'splash': None, 'roles': [{'position': 0, 'permissions': 104324161, 'name': '@everyone', 'mentionable': False, 'managed': False, 'id': '447206703688187904', 'hoist': False, 'color': 0}, {'position': 1, 'permissions': 2146958591, 'name': 'Cargo pica', 'mentionable': True, 'managed': False, 'id': '447208528138993665', 'hoist': True, 'color': 10038562}], 'region': 'brazil', 'presences': [{'user': {'id': '220644154177355777'}, 'status': 'online', 'game': {'url': 'https://www.twitch.tv/monstercat', 'type': 1, 'name': '=help | 17633 guilds', 'id': 'ec0b28a579ecb4bd', 'created_at': 1551139482218}, 'client_status': {'web': 'online'}, 'activities': [{'url': 'https://www.twitch.tv/monstercat', 'type': 1, 'name': '=help | 17633 guilds', 'id': 'ec0b28a579ecb4bd', 'created_at': 1551139482218}]}, {'user': {'id': '294959915670437889'}, 'status': 'online', 'game': None, 'client_status': {'desktop': 'online'}, 'activities': []}, {'user': {'id': '429391349700231180'}, 'status': 'idle', 'game': None, 'client_status': {'desktop': 'idle'}, 'activities': []}, {'user': {'id': '549715895136550912'}, 'status': 'online', 'game': None, 'client_status': {'web': 'online'}, 'activities': []}], 'owner_id': '204104093004857344', 'name': 'bro faz sol', 'mfa_level': 0, 'members': [{'user': {'username': 'meneMaker', 'id': '204104093004857344', 'discriminator': '5863', 'avatar': '3d8677e4817b0bce5ecf031caff33ad9'}, 'roles': ['447208528138993665'], 'mute': False, 'joined_at': '2018-05-19T01:19:46.924000+00:00', 'deaf': False}, {'user': {'username': 'Watora', 'id': '220644154177355777', 'discriminator': '2790', 'bot': True, 'avatar': 'bd6b28005c26d079486063a4976dfb44'}, 'roles': [], 'mute': False, 'joined_at': '2018-06-30T00:09:41.350000+00:00', 'deaf': False}, {'user': {'username': 'rods', 'id': '294959915670437889', 'discriminator': '1789', 'avatar': '53a0219a52e257efe432f7ab723d7445'}, 'roles': ['447208528138993665'], 'mute': False, 'joined_at': '2018-05-25T00:51:29.933000+00:00', 'deaf': False}, {'user': {'username': 'karstdolomite', 'id': '296065629138452480', 'discriminator': '6955', 'avatar': '9e31838df6626d773ecbdc9af469856b'}, 'roles': ['447208528138993665'], 'nick': 'deusa coelho', 'mute': False, 'joined_at': '2018-05-19T01:20:59.972000+00:00', 'deaf': False}, {'user': {'username': 'BellinhoKTKR', 'id': '429391349700231180', 'discriminator': '8603', 'avatar': 'e18a7f2c24eb9f65ac0be30be9ee24f7'}, 'roles': ['447208528138993665'], 'mute': False, 'joined_at': '2018-05-19T01:20:53.618000+00:00', 'deaf': False}, {'user': {'username': 'Steins;Bot', 'id': '549715895136550912', 'discriminator': '9810', 'bot': True, 'avatar': 'b7cc99344f6aa4ad77cb20dd0423e257'}, 'roles': [], 'nick': None, 'mute': False, 'joined_at': '2019-02-25T23:15:41.475050+00:00', 'deaf': False}], 'member_count': 6, 'lazy': True, 'large': False, 'joined_at': '2019-02-25T23:15:41.475050+00:00', 'id': '447206703688187904', 'icon': '9e639c08b24cd77fd95989469156eb67', 'features': [], 'explicit_content_filter': 0, 'emojis': [], 'default_message_notifications': 0, 'channels': [{'user_limit': 0, 'type': 4, 'position': 0, 'permission_overwrites': [], 'name': 'Canais de texto', 'id': '447206703688187905', 'bitrate': 64000}, {'type': 0, 'topic': None, 'rate_limit_per_user': 0, 'position': 0, 'permission_overwrites': [], 'parent_id': '447206703688187905', 'name': 'geral', 'last_message_id': '549743980556845056', 'id': '447206703688187906'}, {'user_limit': 0, 'type': 4, 'position': 0, 'permission_overwrites': [], 'name': 'Canais de voz', 'id': '447206704115875850', 'bitrate': 64000}, {'user_limit': 0, 'type': 2, 'position': 0, 'permission_overwrites': [], 'parent_id': '447206704115875850', 'name': 'Geral', 'id': '447206704115875851', 'bitrate': 64000}, {'type': 0, 'topic': None, 'rate_limit_per_user': 0, 'position': 1, 'permission_overwrites': [], 'parent_id': '447206703688187905', 'nsfw': False, 'name': 'botaria', 'last_message_id': '549736501139996693', 'id': '549715045781602314'}], 'application_id': None, 'afk_timeout': 300, 'afk_channel_id': None}}
2019-02-25 21:11:45,951:DEBUG:discord.client: Dispatching event socket_response
2019-02-25 21:11:45,951:DEBUG:discord.client: Dispatching event guild_available
2019-02-25 21:11:47,956:DEBUG:discord.client: Dispatching event ready
2019-02-25 21:12:27,032:DEBUG:discord.gateway: Keeping websocket alive with sequence 2.
2019-02-25 21:12:27,032:DEBUG:discord.client: Dispatching event socket_raw_send
2019-02-25 21:12:27,157:DEBUG:discord.client: Dispatching event socket_raw_receive
2019-02-25 21:12:27,157:DEBUG:discord.gateway: For Shard ID None: WebSocket Event: {'t': None, 's': None, 'op': 11, 'd': None}
2019-02-25 21:12:27,173:DEBUG:discord.client: Dispatching event socket_response
2019-02-25 21:13:08,288:DEBUG:discord.gateway: Keeping websocket alive with sequence 2.
2019-02-25 21:13:08,288:DEBUG:discord.client: Dispatching event socket_raw_send
2019-02-25 21:13:08,428:DEBUG:discord.client: Dispatching event socket_raw_receive
2019-02-25 21:13:08,428:DEBUG:discord.gateway: For Shard ID None: WebSocket Event: {'t': None, 's': None, 'op': 11, 'd': None}
2019-02-25 21:13:08,428:DEBUG:discord.client: Dispatching event socket_response
